10 error Error: Command failed: git rev-list --count --all --max-count=1
10 error usage: git rev-list [OPTION] <commit-id>... [ -- paths... ]
10 error   limiting output:
10 error     --max-count=<n>
10 error     --max-age=<epoch>
10 error     --min-age=<epoch>
10 error     --sparse
10 error     --no-merges
10 error     --min-parents=<n>
10 error     --no-min-parents
10 error     --max-parents=<n>
10 error     --no-max-parents
10 error     --remove-empty
10 error     --all
10 error     --branches
10 error     --tags
10 error     --remotes
10 error     --stdin
10 error     --quiet
10 error   ordering output:
10 error     --topo-order
10 error     --date-order
10 error     --reverse
10 error   formatting output:
10 error     --parents
10 error     --children
10 error     --objects | --objects-edge
10 error     --unpacked
10 error     --header | --pretty
10 error     --abbrev=<n> | --no-abbrev
10 error     --abbrev-commit
10 error     --left-right
10 error     --count
10 error   special purpose:
10 error     --bisect
10 error     --bisect-vars
10 error     --bisect-all
10 error
10 error
10 error     at makeError (D:\exe\node\node_modules\lerna\node_modules\_execa@1.0.0@execa\index.js:174:9)
10 error     at Function.module.exports.sync (D:\exe\node\node_modules\lerna\node_modules\_execa@1.0.0@execa\index.js:338:15)
10 error     at Object.execSync (D:\exe\node\node_modules\lerna\node_modules\_@lerna_child-process@3.16.5@@lerna\child-process\index.js:26:16)
10 error     at isAnythingCommitted (D:\exe\node\node_modules\lerna\node_modules\_@lerna_version@3.20.2@@lerna\version\lib\is-anything-committed.js:11:35)
10 error     at VersionCommand.initialize (D:\exe\node\node_modules\lerna\node_modules\_@lerna_version@3.20.2@@lerna\version\index.js:108:12)
